Flutter crash report; please file at https://github.com/flutter/flutter/issues.

## command

flutter build bundle --suppress-analytics --target /Users/jegathispandian/icicle/work/Workspace/Play_jewellery/lib/main.dart --preview-dart-2 --filesystem-scheme org-dartlang-root --depfile /Users/jegathispandian/icicle/work/Workspace/Play_jewellery/build/app/intermediates/flutter/debug/snapshot_blob.bin.d --asset-dir /Users/jegathispandian/icicle/work/Workspace/Play_jewellery/build/app/intermediates/flutter/debug/flutter_assets

## exception

RangeError: RangeError (index): Invalid value: Only valid value is 0: 1

```
#0      List.[] (dart:core-patch/dart:core/growable_array.dart:141)
#1      readDepfile (package:flutter_tools/src/base/fingerprint.dart:174)
<asynchronous suspension>
#2      Fingerprinter._getPaths (package:flutter_tools/src/base/fingerprint.dart:88)
<asynchronous suspension>
#3      Fingerprinter.doesFingerprintMatch (package:flutter_tools/src/base/fingerprint.dart:60)
<asynchronous suspension>
#4      KernelCompiler.compile (package:flutter_tools/src/compile.dart:104)
<asynchronous suspension>
#5      build (package:flutter_tools/src/bundle.dart:79)
<asynchronous suspension>
#6      BuildBundleCommand.runCommand (package:flutter_tools/src/commands/build_bundle.dart:72)
<asynchronous suspension>
#7      FlutterCommand.verifyThenRunCommand (package:flutter_tools/src/runner/flutter_command.dart:344)
<asynchronous suspension>
#8      FlutterCommand.run.<anonymous closure> (package:flutter_tools/src/runner/flutter_command.dart:279)
<asynchronous suspension>
#9      AppContext.run.<anonymous closure> (package:flutter_tools/src/base/context.dart:142)
<asynchronous suspension>
#10     _rootRun (dart:async/zone.dart:1126)
#11     _CustomZone.run (dart:async/zone.dart:1023)
#12     runZoned (dart:async/zone.dart:1501)
#13     AppContext.run (package:flutter_tools/src/base/context.dart:141)
<asynchronous suspension>
#14     FlutterCommand.run (package:flutter_tools/src/runner/flutter_command.dart:270)
#15     CommandRunner.runCommand (package:args/command_runner.dart:194)
<asynchronous suspension>
#16     FlutterCommandRunner.runCommand.<anonymous closure> (package:flutter_tools/src/runner/flutter_command_runner.dart:309)
<asynchronous suspension>
#17     AppContext.run.<anonymous closure> (package:flutter_tools/src/base/context.dart:142)
<asynchronous suspension>
#18     _rootRun (dart:async/zone.dart:1126)
#19     _CustomZone.run (dart:async/zone.dart:1023)
#20     runZoned (dart:async/zone.dart:1501)
#21     AppContext.run (package:flutter_tools/src/base/context.dart:141)
<asynchronous suspension>
#22     FlutterCommandRunner.runCommand (package:flutter_tools/src/runner/flutter_command_runner.dart:265)
<asynchronous suspension>
#23     CommandRunner.run.<anonymous closure> (package:args/command_runner.dart:109)
#24     new Future.sync (dart:async/future.dart:222)
#25     CommandRunner.run (package:args/command_runner.dart:109)
#26     FlutterCommandRunner.run (package:flutter_tools/src/runner/flutter_command_runner.dart:174)
#27     run.<anonymous closure> (package:flutter_tools/runner.dart:59)
<asynchronous suspension>
#28     AppContext.run.<anonymous closure> (package:flutter_tools/src/base/context.dart:142)
<asynchronous suspension>
#29     _rootRun (dart:async/zone.dart:1126)
#30     _CustomZone.run (dart:async/zone.dart:1023)
#31     runZoned (dart:async/zone.dart:1501)
#32     AppContext.run (package:flutter_tools/src/base/context.dart:141)
<asynchronous suspension>
#33     runInContext (package:flutter_tools/src/context_runner.dart:43)
<asynchronous suspension>
#34     run (package:flutter_tools/runner.dart:50)
#35     main (package:flutter_tools/executable.dart:49)
<asynchronous suspension>
#36     main (file:///b/build/slave/Mac_Flutter_Packaging/build/archive/flutter/packages/flutter_tools/bin/flutter_tools.dart:8)
#37     _startIsolate.<anonymous closure> (dart:isolate-patch/dart:isolate/isolate_patch.dart:277)
#38     _RawReceivePortImpl._handleMessage (dart:isolate-patch/dart:isolate/isolate_patch.dart:165)
```

## flutter doctor

```
[✓] Flutter (Channel beta, v0.5.1, on Mac OS X 10.13.6 17G65, locale en-IN)
    • Flutter version 0.5.1 at /Users/jegathispandian/icicle/work/Workspace/flutter
    • Framework revision c7ea3ca377 (4 months ago), 2018-05-29 21:07:33 +0200
    • Engine revision 1ed25ca7b7
    • Dart version 2.0.0-dev.58.0.flutter-f981f09760

[✓] Android toolchain - develop for Android devices (Android SDK 27.0.3)
    • Android SDK at /Users/jegathispandian/Library/Android/sdk
    • Android NDK location not configured (optional; useful for native profiling support)
    • Platform android-27, build-tools 27.0.3
    • ANDROID_HOME = /Users/jegathispandian/Library/Android/sdk
    • Java binary at: /Applications/Android Studio.app/Contents/jre/jdk/Contents/Home/bin/java
    • Java version OpenJDK Runtime Environment (build 1.8.0_152-release-1024-b01)
    • All Android licenses accepted.

[!] iOS toolchain - develop for iOS devices (Xcode 9.4.1)
    • Xcode at /Applications/Xcode.app/Contents/Developer
    • Xcode 9.4.1, Build version 9F2000
    ✗ libimobiledevice and ideviceinstaller are not installed. To install, run:
        brew install --HEAD libimobiledevice
        brew install ideviceinstaller
    ✗ ios-deploy not installed. To install:
        brew install ios-deploy
    ✗ CocoaPods not installed.
        CocoaPods is used to retrieve the iOS platform side's plugin code that responds to your plugin usage on the Dart side.
        Without resolving iOS dependencies with CocoaPods, plugins will not work on iOS.
        For more info, see https://flutter.io/platform-plugins
      To install:
        brew install cocoapods
        pod setup

[✓] Android Studio (version 3.1)
    • Android Studio at /Applications/Android Studio.app/Contents
    ✗ Flutter plugin not installed; this adds Flutter specific functionality.
    ✗ Dart plugin not installed; this adds Dart specific functionality.
    • Java version OpenJDK Runtime Environment (build 1.8.0_152-release-1024-b01)

[!] IntelliJ IDEA Ultimate Edition (version 2018.2.3)
    • IntelliJ at /Applications/IntelliJ IDEA.app
    ✗ Flutter plugin not installed; this adds Flutter specific functionality.
    • Dart plugin version 182.4323.44
    • For information about installing plugins, see
      https://flutter.io/intellij-setup/#installing-the-plugins

[✓] Connected devices (1 available)
    • Moto G 4 • ZY223P9S98 • android-arm • Android 7.0 (API 24)

! Doctor found issues in 2 categories.
```
